2025-11-06 21:53:23,242 - INFO - main - Try start BOT
2025-11-06 21:53:52,840 - INFO - main - Try start BOT
2025-11-06 21:54:00,289 - INFO - main - Try start BOT
2025-11-06 21:54:00,290 - INFO - dispatcher - Start polling
2025-11-06 21:54:12,911 - INFO - dispatcher - Run polling for bot @bodya_cwbot id=8323749084 - 'Бодя-лис🦊'
2025-11-06 21:55:02,098 - INFO - dispatcher - Polling stopped
2025-11-06 21:55:02,099 - ERROR - dispatcher - Failed to fetch updates - TelegramNetworkError: HTTP Client says - ServerDisconnectedError: Server disconnected
2025-11-06 21:55:02,099 - WARNING - dispatcher - Sleep for 1.000000 seconds and try again... (tryings = 0, bot id = 8323749084)
2025-11-06 21:55:02,355 - INFO - dispatcher - Polling stopped for bot @bodya_cwbot id=8323749084 - 'Бодя-лис🦊'
2025-11-06 21:55:02,356 - WARNING - main - The script was stopped by pressing ctrl+c
2025-11-06 21:55:07,224 - INFO - main - Try start BOT
2025-11-06 21:55:07,228 - INFO - dispatcher - Start polling
2025-11-06 21:55:08,520 - INFO - dispatcher - Run polling for bot @bodya_cwbot id=8323749084 - 'Бодя-лис🦊'
2025-11-06 21:55:18,357 - INFO - dispatcher - Polling stopped
2025-11-06 21:55:18,358 - ERROR - dispatcher - Failed to fetch updates - TelegramNetworkError: HTTP Client says - ServerDisconnectedError: Server disconnected
2025-11-06 21:55:18,358 - WARNING - dispatcher - Sleep for 1.000000 seconds and try again... (tryings = 0, bot id = 8323749084)
2025-11-06 21:55:18,612 - INFO - dispatcher - Polling stopped for bot @bodya_cwbot id=8323749084 - 'Бодя-лис🦊'
2025-11-06 21:55:18,613 - WARNING - main - The script was stopped by pressing ctrl+c
2025-11-06 21:55:26,028 - INFO - main - Try start BOT
2025-11-06 21:55:27,306 - INFO - dispatcher - Start polling
2025-11-06 21:55:27,703 - INFO - dispatcher - Run polling for bot @bodya_cwbot id=8323749084 - 'Бодя-лис🦊'
2025-11-06 21:56:32,012 - INFO - main - Try start BOT
2025-11-06 21:56:32,241 - INFO - dispatcher - Start polling
2025-11-06 21:56:33,512 - INFO - dispatcher - Run polling for bot @bodya_cwbot id=8323749084 - 'Бодя-лис🦊'
2025-11-06 21:57:37,670 - INFO - main - Try start BOT
2025-11-06 21:57:37,742 - ERROR - main - connection was closed in the middle of operation
2025-11-06 21:58:17,261 - INFO - main - Try start BOT
2025-11-06 21:58:17,449 - ERROR - main - connection was closed in the middle of operation
2025-11-06 21:59:28,932 - INFO - main - Try start BOT
2025-11-06 21:59:29,308 - INFO - dispatcher - Start polling
2025-11-06 21:59:41,936 - INFO - dispatcher - Run polling for bot @bodya_cwbot id=8323749084 - 'Бодя-лис🦊'
2025-11-06 22:00:10,822 - INFO - dispatcher - Polling stopped
2025-11-06 22:00:10,822 - ERROR - dispatcher - Failed to fetch updates - TelegramNetworkError: HTTP Client says - ServerDisconnectedError: Server disconnected
2025-11-06 22:00:10,822 - WARNING - dispatcher - Sleep for 1.000000 seconds and try again... (tryings = 0, bot id = 8323749084)
2025-11-06 22:00:11,073 - INFO - dispatcher - Polling stopped for bot @bodya_cwbot id=8323749084 - 'Бодя-лис🦊'
2025-11-06 22:00:11,074 - WARNING - main - The script was stopped by pressing ctrl+c
2025-11-06 22:32:35,745 - INFO - main - Try start BOT
2025-11-06 22:32:35,868 - ERROR - main - cannot access local variable 'dp' where it is not associated with a value
2025-11-06 22:33:05,851 - INFO - main - Try start BOT
2025-11-06 22:33:06,212 - INFO - dispatcher - Start polling
2025-11-06 22:33:18,847 - INFO - dispatcher - Run polling for bot @bodya_cwbot id=8323749084 - 'Бодя-лис🦊'
2025-11-06 22:34:13,328 - INFO - dispatcher - Update id=684125294 is handled. Duration 1219 ms by bot id=8323749084
2025-11-06 22:35:48,448 - INFO - main - Try start bot
2025-11-06 22:35:48,796 - INFO - dispatcher - Start polling
2025-11-06 22:35:50,004 - INFO - dispatcher - Run polling for bot @bodya_cwbot id=8323749084 - 'Бодя-лис🦊'
2025-11-06 22:36:41,670 - INFO - dispatcher - Update id=684125295 is handled. Duration 1411 ms by bot id=8323749084
